{"message":"Unauthorized request to path: /","level":"error"}
{"message":"Unauthorized request to path: /","level":"error"}
{"message":"Unauthorized request to path: /","level":"error"}
{"message":"Unauthorized request to path: /","level":"error"}
{"message":"Unauthorized request to path: /","level":"error"}
{"message":"Unauthorized request to path: /","level":"error"}
{"message":"Unauthorized request to path: /","level":"error"}
{"message":"Unauthorized request to path: /","level":"error"}
{"message":"Bookmark with id c3e84ab3-fcf3-43e4-83c7-5b2f38263df8 created","level":"info"}
{"message":"Bookmark with id 71796875-878b-4a7a-a0c9-766a73c72f0c created","level":"info"}
{"message":"Bookmark with id f3a7a4a8-0ce5-4659-87a0-1d0935aaa3c5 created","level":"info"}
{"message":"Bookmark with id fd95045e-4803-4e35-8c54-27b7e408a4a4 created","level":"info"}
{"message":"Bookmark with id 61f304a2-6c4a-4053-b753-59f2e86db396 created","level":"info"}
{"message":"Unauthorized request to path: /","level":"error"}
{"message":"Unauthorized request to path: /","level":"error"}
{"message":"Unauthorized request to path: /","level":"error"}
{"message":"Unauthorized request to path: /","level":"error"}
{"message":"Unauthorized request to path: /","level":"error"}
{"message":"Unauthorized request to path: /","level":"error"}
{"message":"Unauthorized request to path: /","level":"error"}
{"message":"Unauthorized request to path: /","level":"error"}
{"message":"Bookmark with id 999 not found.","level":"error"}
{"message":"Bookmark with id 999 not found.","level":"error"}
{"message":"Bookmark with id 999 not found.","level":"error"}
{"message":"Bookmark with id 999 not found.","level":"error"}
{"message":"Bookmark with id 999 not found.","level":"error"}
{"message":"Bookmark with id 999 not found.","level":"error"}
{"message":"Bookmark with id 999 not found.","level":"error"}
{"message":"Unauthorized request to path: /","level":"error"}
{"message":"Bookmark with id 999 not found.","level":"error"}
{"message":"Bookmark with id 999 not found.","level":"error"}
{"message":"Bookmark with id 999 not found.","level":"error"}
{"message":"Unauthorized request to path: /bookmarks","level":"error"}
{"message":"Bookmark with id 999 not found.","level":"error"}
{"message":"Unauthorized request to path: /bookmarks","level":"error"}
{"message":"Bookmark with id 999 not found.","level":"error"}
{"message":"Unauthorized request to path: /bookmarks","level":"error"}
{"message":"Bookmark with id 999 not found.","level":"error"}
{"message":"Unauthorized request to path: /bookmarks","level":"error"}
{"message":"Unauthorized request to path: /bookmarks/999","level":"error"}
{"message":"Bookmark with id 999 not found.","level":"error"}
{"message":"Unauthorized request to path: /bookmarks","level":"error"}
{"message":"Unauthorized request to path: /bookmarks/999","level":"error"}
{"message":"Bookmark with id 999 not found.","level":"error"}
{"message":"Unauthorized request to path: /bookmarks","level":"error"}
{"message":"Bookmark with id 999 not found.","level":"error"}
{"message":"Unauthorized request to path: /bookmarks","level":"error"}
{"message":"Bookmark with id 999 not found.","level":"error"}
{"message":"Bookmark with id 999 not found.","level":"error"}
{"message":"Bookmark with id 999 not found.","level":"error"}
{"message":"Bookmark with id 999 not found.","level":"error"}
{"message":"Bookmark with id 999 not found.","level":"error"}
{"message":"Unauthorized request to path: /articles/4","level":"error"}
{"message":"Bookmark with id 999 not found.","level":"error"}
{"message":"Bookmark with id 999 not found.","level":"error"}
{"message":"Bookmark with id 999 not found.","level":"error"}
{"message":"Bookmark with id 999 not found.","level":"error"}
{"message":"Bookmark with id 999 not found.","level":"error"}
{"message":"Bookmark with id 999 not found.","level":"error"}
{"message":"Bookmark with id 999 not found.","level":"error"}
{"message":"Bookmark with id 999 not found.","level":"error"}
{"message":"Bookmark with id 999 not found.","level":"error"}
{"message":"Bookmark with id 999 not found.","level":"error"}
{"message":"Bookmark with id 999 not found.","level":"error"}
{"message":"Bookmark with id 999 not found.","level":"error"}
{"message":"Bookmark with id 999 not found.","level":"error"}
{"message":"Bookmark with id 999 not found.","level":"error"}
{"message":"Unauthorized request to path: /bookmarks","level":"error"}
{"message":"Unauthorized request to path: /bookmarks/999","level":"error"}
{"message":"Bookmark with id 999 not found.","level":"error"}
{"message":"Unauthorized request to path: /articles","level":"error"}
{"message":"Unauthorized request to path: /articles","level":"error"}
{"message":"Unauthorized request to path: /articles","level":"error"}
{"message":"Unauthorized request to path: /articles","level":"error"}
{"message":"Unauthorized request to path: /articles","level":"error"}
{"message":"Unauthorized request to path: /bookmarks","level":"error"}
{"message":"Unauthorized request to path: /bookmarks/999","level":"error"}
{"message":"Bookmark with id 999 not found.","level":"error"}
{"message":"Unauthorized request to path: /bookmarks","level":"error"}
{"message":"Unauthorized request to path: /bookmarks/999","level":"error"}
{"message":"Bookmark with id 999 not found.","level":"error"}
{"message":"Unauthorized request to path: /bookmarks","level":"error"}
{"message":"Unauthorized request to path: /bookmarks/999","level":"error"}
{"message":"Bookmark with id 999 not found.","level":"error"}
{"message":"Unauthorized request to path: /bookmarks","level":"error"}
{"message":"Unauthorized request to path: /bookmarks/999","level":"error"}
{"message":"Bookmark with id 999 not found.","level":"error"}
{"message":"Unauthorized request to path: /bookmarks","level":"error"}
{"message":"Unauthorized request to path: /bookmarks/999","level":"error"}
{"message":"Bookmark with id 999 not found.","level":"error"}
{"message":"Unauthorized request to path: /bookmarks","level":"error"}
{"message":"Unauthorized request to path: /bookmarks/999","level":"error"}
{"message":"Bookmark with id 999 not found.","level":"error"}
{"message":"Unauthorized request to path: /bookmarks","level":"error"}
{"message":"Unauthorized request to path: /bookmarks/999","level":"error"}
{"message":"Bookmark with id 999 not found.","level":"error"}
{"message":"Unauthorized request to path: /bookmarks","level":"error"}
{"message":"Unauthorized request to path: /bookmarks/999","level":"error"}
{"message":"Bookmark with id 999 not found.","level":"error"}
{"message":"Unauthorized request to path: /articles/911","level":"error"}
{"message":"Unauthorized request to path: /bookmarks","level":"error"}
{"message":"Unauthorized request to path: /bookmarks/999","level":"error"}
{"message":"Bookmark with id 999 not found.","level":"error"}
{"message":"Unauthorized request to path: /bookmarks","level":"error"}
{"message":"Unauthorized request to path: /bookmarks/999","level":"error"}
{"message":"Bookmark with id 999 not found.","level":"error"}
{"message":"Unauthorized request to path: /bookmarks","level":"error"}
{"message":"Unauthorized request to path: /bookmarks/999","level":"error"}
{"message":"Bookmark with id 999 not found.","level":"error"}
{"message":"Bookmark with id 999 not found.","level":"error"}
{"message":"Bookmark with id 999 not found.","level":"error"}
{"message":"Bookmark with id 999 not found.","level":"error"}
{"message":"Bookmark with id 999 not found.","level":"error"}
{"message":"Unauthorized request to path: /bookmarks","level":"error"}
{"message":"Unauthorized request to path: /bookmarks/999","level":"error"}
{"message":"Bookmark with id 999 not found.","level":"error"}
{"message":"Unauthorized request to path: /bookmarks","level":"error"}
{"message":"Unauthorized request to path: /bookmarks/999","level":"error"}
{"message":"Bookmark with id 999 not found.","level":"error"}
{"message":"Unauthorized request to path: /bookmarks","level":"error"}
{"message":"Unauthorized request to path: /bookmarks/999","level":"error"}
{"message":"Bookmark with id 999 not found.","level":"error"}
{"message":"Unauthorized request to path: /bookmarks","level":"error"}
{"message":"Unauthorized request to path: /bookmarks/999","level":"error"}
{"message":"Unauthorized request to path: /bookmarks/99999","level":"error"}
{"message":"Unauthorized request to path: /bookmarks","level":"error"}
{"message":"Unauthorized request to path: /bookmarks/999","level":"error"}
{"message":"Unauthorized request to path: /bookmarks","level":"error"}
{"message":"Unauthorized request to path: /bookmarks/999","level":"error"}
{"message":"Unauthorized request to path: /bookmarks/api","level":"error"}
{"message":"Unauthorized request to path: /bookmarks/api/999","level":"error"}
{"message":"Unauthorized request to path: /bookmarks/api","level":"error"}
{"message":"Unauthorized request to path: /bookmarks/api/999","level":"error"}
{"message":"Unauthorized request to path: /bookmarks/api","level":"error"}
{"message":"Unauthorized request to path: /bookmarks/api/999","level":"error"}
{"message":"Unauthorized request to path: /api/bookmarks","level":"error"}
{"message":"Unauthorized request to path: /api/bookmarks/999","level":"error"}
{"message":"Unauthorized request to path: /api/bookmarks","level":"error"}
{"message":"Unauthorized request to path: /api/bookmarks/999","level":"error"}
{"message":"Unauthorized request to path: /api/bookmarks","level":"error"}
{"message":"Unauthorized request to path: /api/bookmarks/999","level":"error"}
{"message":"Unauthorized request to path: /api/bookmarks","level":"error"}
{"message":"Unauthorized request to path: /api/bookmarks/999","level":"error"}
{"message":"Unauthorized request to path: /api/bookmarks","level":"error"}
{"message":"Unauthorized request to path: /api/bookmarks/999","level":"error"}
{"message":"Unauthorized request to path: /api/bookmarks/1","level":"error"}
{"message":"Unauthorized request to path: /api/bookmarks","level":"error"}
{"message":"Unauthorized request to path: /api/bookmarks/999","level":"error"}
{"message":"Unauthorized request to path: /api/bookmarks","level":"error"}
{"message":"Unauthorized request to path: /api/bookmarks/999","level":"error"}
{"message":"Unauthorized request to path: /api/bookmarks","level":"error"}
{"message":"Unauthorized request to path: /api/bookmarks/999","level":"error"}
{"message":"Unauthorized request to path: /api/bookmarks","level":"error"}
{"message":"Unauthorized request to path: /api/bookmarks/999","level":"error"}
{"message":"Unauthorized request to path: /api/bookmarks","level":"error"}
{"message":"Unauthorized request to path: /api/bookmarks/999","level":"error"}
{"message":"Unauthorized request to path: /api/bookmarks","level":"error"}
{"message":"Unauthorized request to path: /api/bookmarks/999","level":"error"}
{"message":"Unauthorized request to path: /api/bookmarks","level":"error"}
{"message":"Unauthorized request to path: /api/bookmarks/999","level":"error"}
{"message":"Unauthorized request to path: /api/bookmarks","level":"error"}
{"message":"Unauthorized request to path: /api/bookmarks/999","level":"error"}
{"message":"Unauthorized request to path: /api/bookmarks","level":"error"}
{"message":"Unauthorized request to path: /api/bookmarks/999","level":"error"}
{"message":"Unauthorized request to path: /api/bookmarks","level":"error"}
{"message":"Unauthorized request to path: /api/bookmarks/999","level":"error"}
{"message":"Bookmark with id 1 not found","level":"error"}
{"message":"Unauthorized request to path: /api/bookmarks","level":"error"}
{"message":"Unauthorized request to path: /api/bookmarks/999","level":"error"}
{"message":"Unauthorized request to path: /api/bookmarks","level":"error"}
{"message":"Unauthorized request to path: /api/bookmarks/999","level":"error"}
{"message":"Unauthorized request to path: /api/bookmarks","level":"error"}
{"message":"Unauthorized request to path: /api/bookmarks/999","level":"error"}
{"message":"Unauthorized request to path: /api/bookmarks","level":"error"}
{"message":"Unauthorized request to path: /api/bookmarks/999","level":"error"}
{"message":"Unauthorized request to path: /api/bookmarks","level":"error"}
{"message":"Unauthorized request to path: /api/bookmarks/999","level":"error"}
{"message":"Unauthorized request to path: /api/bookmarks","level":"error"}
{"message":"Unauthorized request to path: /api/bookmarks/999","level":"error"}
{"message":"Unauthorized request to path: /api/bookmarks","level":"error"}
{"message":"Unauthorized request to path: /api/bookmarks/999","level":"error"}
{"message":"Unauthorized request to path: /api/bookmarks","level":"error"}
{"message":"Unauthorized request to path: /api/bookmarks/999","level":"error"}
{"message":"Unauthorized request to path: /api/bookmarks","level":"error"}
{"message":"Unauthorized request to path: /api/bookmarks/999","level":"error"}
{"message":"Unauthorized request to path: /api/bookmarks","level":"error"}
{"message":"Unauthorized request to path: /api/bookmarks/999","level":"error"}
{"message":"Bookmark with id 1 not found","level":"error"}
{"message":"Unauthorized request to path: /api/bookmarks","level":"error"}
{"message":"Unauthorized request to path: /api/bookmarks/999","level":"error"}
